{"/Users/tbader/Snapchat/Dev/Hatchways/server.js": {"path":"/Users/tbader/Snapchat/Dev/Hatchways/server.js","statementMap":{"0":{"start":{"line":1,"column":16},"end":{"line":1,"column":34}},"1":{"start":{"line":2,"column":12},"end":{"line":2,"column":21}},"2":{"start":{"line":3,"column":19},"end":{"line":3,"column":41}},"3":{"start":{"line":6,"column":18},"end":{"line":6,"column":42}},"4":{"start":{"line":7,"column":19},"end":{"line":7,"column":44}},"5":{"start":{"line":10,"column":0},"end":{"line":10,"column":27}},"6":{"start":{"line":11,"column":0},"end":{"line":11,"column":32}},"7":{"start":{"line":12,"column":0},"end":{"line":12,"column":34}},"8":{"start":{"line":15,"column":0},"end":{"line":17,"column":3}},"9":{"start":{"line":16,"column":4},"end":{"line":16,"column":47}},"10":{"start":{"line":19,"column":0},"end":{"line":19,"column":21}}},"fnMap":{"0":{"name":"(anonymous_0)","decl":{"start":{"line":15,"column":17},"end":{"line":15,"column":18}},"loc":{"start":{"line":15,"column":23},"end":{"line":17,"column":1}},"line":15}},"branchMap":{},"s":{"0":1,"1":1,"2":1,"3":1,"4":1,"5":1,"6":1,"7":1,"8":1,"9":1,"10":1},"f":{"0":1},"b":{},"_coverageSchema":"1a1c01bbd47fc00a2c39e90264f33305004495a9","hash":"e12d284b8d77b53a011f68f4aeffbbca250add90"}
,"/Users/tbader/Snapchat/Dev/Hatchways/middleware/validateRequest.js": {"path":"/Users/tbader/Snapchat/Dev/Hatchways/middleware/validateRequest.js","statementMap":{"0":{"start":{"line":1,"column":23},"end":{"line":1,"column":56}},"1":{"start":{"line":2,"column":26},"end":{"line":2,"column":62}},"2":{"start":{"line":4,"column":24},"end":{"line":34,"column":1}},"3":{"start":{"line":5,"column":4},"end":{"line":5,"column":60}},"4":{"start":{"line":8,"column":25},"end":{"line":8,"column":62}},"5":{"start":{"line":9,"column":4},"end":{"line":13,"column":5}},"6":{"start":{"line":10,"column":8},"end":{"line":12,"column":11}},"7":{"start":{"line":16,"column":4},"end":{"line":22,"column":5}},"8":{"start":{"line":17,"column":8},"end":{"line":17,"column":32}},"9":{"start":{"line":18,"column":11},"end":{"line":22,"column":5}},"10":{"start":{"line":19,"column":8},"end":{"line":21,"column":11}},"11":{"start":{"line":25,"column":4},"end":{"line":31,"column":5}},"12":{"start":{"line":26,"column":8},"end":{"line":26,"column":36}},"13":{"start":{"line":27,"column":11},"end":{"line":31,"column":5}},"14":{"start":{"line":28,"column":8},"end":{"line":30,"column":11}},"15":{"start":{"line":33,"column":4},"end":{"line":33,"column":11}},"16":{"start":{"line":36,"column":33},"end":{"line":48,"column":1}},"17":{"start":{"line":38,"column":4},"end":{"line":40,"column":5}},"18":{"start":{"line":39,"column":8},"end":{"line":39,"column":21}},"19":{"start":{"line":43,"column":4},"end":{"line":45,"column":5}},"20":{"start":{"line":44,"column":8},"end":{"line":44,"column":20}},"21":{"start":{"line":47,"column":4},"end":{"line":47,"column":16}},"22":{"start":{"line":50,"column":35},"end":{"line":61,"column":1}},"23":{"start":{"line":52,"column":4},"end":{"line":60,"column":5}},"24":{"start":{"line":57,"column":12},"end":{"line":57,"column":24}},"25":{"start":{"line":59,"column":12},"end":{"line":59,"column":25}},"26":{"start":{"line":63,"column":38},"end":{"line":72,"column":1}},"27":{"start":{"line":65,"column":4},"end":{"line":71,"column":5}},"28":{"start":{"line":68,"column":12},"end":{"line":68,"column":24}},"29":{"start":{"line":70,"column":12},"end":{"line":70,"column":25}},"30":{"start":{"line":74,"column":0},"end":{"line":79,"column":2}}},"fnMap":{"0":{"name":"(anonymous_0)","decl":{"start":{"line":4,"column":24},"end":{"line":4,"column":25}},"loc":{"start":{"line":4,"column":49},"end":{"line":34,"column":1}},"line":4},"1":{"name":"(anonymous_1)","decl":{"start":{"line":36,"column":33},"end":{"line":36,"column":34}},"loc":{"start":{"line":36,"column":54},"end":{"line":48,"column":1}},"line":36},"2":{"name":"(anonymous_2)","decl":{"start":{"line":50,"column":35},"end":{"line":50,"column":36}},"loc":{"start":{"line":50,"column":58},"end":{"line":61,"column":1}},"line":50},"3":{"name":"(anonymous_3)","decl":{"start":{"line":63,"column":38},"end":{"line":63,"column":39}},"loc":{"start":{"line":63,"column":63},"end":{"line":72,"column":1}},"line":63}},"branchMap":{"0":{"loc":{"start":{"line":9,"column":4},"end":{"line":13,"column":5}},"type":"if","locations":[{"start":{"line":9,"column":4},"end":{"line":13,"column":5}},{"start":{},"end":{}}],"line":9},"1":{"loc":{"start":{"line":16,"column":4},"end":{"line":22,"column":5}},"type":"if","locations":[{"start":{"line":16,"column":4},"end":{"line":22,"column":5}},{"start":{"line":18,"column":11},"end":{"line":22,"column":5}}],"line":16},"2":{"loc":{"start":{"line":18,"column":11},"end":{"line":22,"column":5}},"type":"if","locations":[{"start":{"line":18,"column":11},"end":{"line":22,"column":5}},{"start":{},"end":{}}],"line":18},"3":{"loc":{"start":{"line":25,"column":4},"end":{"line":31,"column":5}},"type":"if","locations":[{"start":{"line":25,"column":4},"end":{"line":31,"column":5}},{"start":{"line":27,"column":11},"end":{"line":31,"column":5}}],"line":25},"4":{"loc":{"start":{"line":27,"column":11},"end":{"line":31,"column":5}},"type":"if","locations":[{"start":{"line":27,"column":11},"end":{"line":31,"column":5}},{"start":{},"end":{}}],"line":27},"5":{"loc":{"start":{"line":38,"column":4},"end":{"line":40,"column":5}},"type":"if","locations":[{"start":{"line":38,"column":4},"end":{"line":40,"column":5}},{"start":{},"end":{}}],"line":38},"6":{"loc":{"start":{"line":43,"column":4},"end":{"line":45,"column":5}},"type":"if","locations":[{"start":{"line":43,"column":4},"end":{"line":45,"column":5}},{"start":{},"end":{}}],"line":43},"7":{"loc":{"start":{"line":52,"column":4},"end":{"line":60,"column":5}},"type":"switch","locations":[{"start":{"line":53,"column":8},"end":{"line":53,"column":29}},{"start":{"line":54,"column":8},"end":{"line":54,"column":32}},{"start":{"line":55,"column":8},"end":{"line":55,"column":32}},{"start":{"line":56,"column":8},"end":{"line":57,"column":24}},{"start":{"line":58,"column":8},"end":{"line":59,"column":25}}],"line":52},"8":{"loc":{"start":{"line":65,"column":4},"end":{"line":71,"column":5}},"type":"switch","locations":[{"start":{"line":66,"column":8},"end":{"line":66,"column":34}},{"start":{"line":67,"column":8},"end":{"line":68,"column":24}},{"start":{"line":69,"column":8},"end":{"line":70,"column":25}}],"line":65}},"s":{"0":2,"1":2,"2":2,"3":8,"4":8,"5":8,"6":3,"7":5,"8":3,"9":2,"10":1,"11":4,"12":2,"13":2,"14":1,"15":3,"16":2,"17":11,"18":1,"19":10,"20":4,"21":6,"22":2,"23":4,"24":2,"25":2,"26":2,"27":4,"28":2,"29":2,"30":2},"f":{"0":8,"1":11,"2":4,"3":4},"b":{"0":[3,5],"1":[3,2],"2":[1,1],"3":[2,2],"4":[1,1],"5":[1,10],"6":[4,6],"7":[0,2,2,2,2],"8":[2,2,2]},"_coverageSchema":"1a1c01bbd47fc00a2c39e90264f33305004495a9","hash":"9e1499b8551738be457eb4772c4a7b9b161bac80"}
,"/Users/tbader/Snapchat/Dev/Hatchways/models/directionFields.js": {"path":"/Users/tbader/Snapchat/Dev/Hatchways/models/directionFields.js","statementMap":{"0":{"start":{"line":1,"column":24},"end":{"line":4,"column":1}},"1":{"start":{"line":6,"column":0},"end":{"line":8,"column":1}}},"fnMap":{},"branchMap":{},"s":{"0":3,"1":3},"f":{},"b":{},"_coverageSchema":"1a1c01bbd47fc00a2c39e90264f33305004495a9","hash":"62f1b4451bff56b8c6c9925cc0da422ff4615dc7"}
,"/Users/tbader/Snapchat/Dev/Hatchways/models/sortByFields.js": {"path":"/Users/tbader/Snapchat/Dev/Hatchways/models/sortByFields.js","statementMap":{"0":{"start":{"line":1,"column":21},"end":{"line":6,"column":1}},"1":{"start":{"line":8,"column":0},"end":{"line":10,"column":1}}},"fnMap":{},"branchMap":{},"s":{"0":2,"1":2},"f":{},"b":{},"_coverageSchema":"1a1c01bbd47fc00a2c39e90264f33305004495a9","hash":"b46faaa0d494bedcffbb6a2fcbe591f1b8076abc"}
,"/Users/tbader/Snapchat/Dev/Hatchways/routes/ping.js": {"path":"/Users/tbader/Snapchat/Dev/Hatchways/routes/ping.js","statementMap":{"0":{"start":{"line":1,"column":15},"end":{"line":1,"column":42}},"1":{"start":{"line":7,"column":0},"end":{"line":14,"column":3}},"2":{"start":{"line":8,"column":4},"end":{"line":8,"column":47}},"3":{"start":{"line":9,"column":4},"end":{"line":13,"column":5}},"4":{"start":{"line":16,"column":0},"end":{"line":16,"column":24}}},"fnMap":{"0":{"name":"(anonymous_0)","decl":{"start":{"line":7,"column":15},"end":{"line":7,"column":16}},"loc":{"start":{"line":7,"column":29},"end":{"line":14,"column":1}},"line":7}},"branchMap":{},"s":{"0":1,"1":1,"2":1,"3":1,"4":1},"f":{"0":1},"b":{},"_coverageSchema":"1a1c01bbd47fc00a2c39e90264f33305004495a9","hash":"3b8c18b60dbbe1463b8654be7c3904afa05018e9"}
,"/Users/tbader/Snapchat/Dev/Hatchways/routes/posts.js": {"path":"/Users/tbader/Snapchat/Dev/Hatchways/routes/posts.js","statementMap":{"0":{"start":{"line":1,"column":15},"end":{"line":1,"column":42}},"1":{"start":{"line":2,"column":26},"end":{"line":2,"column":66}},"2":{"start":{"line":3,"column":26},"end":{"line":3,"column":59}},"3":{"start":{"line":4,"column":25},"end":{"line":4,"column":57}},"4":{"start":{"line":9,"column":0},"end":{"line":22,"column":3}},"5":{"start":{"line":12,"column":17},"end":{"line":12,"column":42}},"6":{"start":{"line":13,"column":19},"end":{"line":13,"column":35}},"7":{"start":{"line":14,"column":22},"end":{"line":14,"column":41}},"8":{"start":{"line":17,"column":24},"end":{"line":17,"column":64}},"9":{"start":{"line":19,"column":24},"end":{"line":19,"column":82}},"10":{"start":{"line":21,"column":4},"end":{"line":21,"column":45}},"11":{"start":{"line":24,"column":0},"end":{"line":24,"column":24}}},"fnMap":{"0":{"name":"(anonymous_0)","decl":{"start":{"line":9,"column":32},"end":{"line":9,"column":33}},"loc":{"start":{"line":9,"column":52},"end":{"line":22,"column":1}},"line":9}},"branchMap":{},"s":{"0":1,"1":1,"2":1,"3":1,"4":1,"5":3,"6":3,"7":3,"8":3,"9":3,"10":3,"11":1},"f":{"0":3},"b":{},"_coverageSchema":"1a1c01bbd47fc00a2c39e90264f33305004495a9","hash":"f47f546cf9c177e53942668e661853dfb0958fb6"}
,"/Users/tbader/Snapchat/Dev/Hatchways/services/fetchPosts.js": {"path":"/Users/tbader/Snapchat/Dev/Hatchways/services/fetchPosts.js","statementMap":{"0":{"start":{"line":1,"column":14},"end":{"line":1,"column":30}},"1":{"start":{"line":2,"column":17},"end":{"line":2,"column":65}},"2":{"start":{"line":9,"column":17},"end":{"line":23,"column":1}},"3":{"start":{"line":11,"column":24},"end":{"line":11,"column":26}},"4":{"start":{"line":12,"column":4},"end":{"line":14,"column":7}},"5":{"start":{"line":13,"column":8},"end":{"line":13,"column":64}},"6":{"start":{"line":15,"column":4},"end":{"line":22,"column":6}},"7":{"start":{"line":17,"column":8},"end":{"line":17,"column":43}},"8":{"start":{"line":20,"column":8},"end":{"line":20,"column":27}},"9":{"start":{"line":21,"column":8},"end":{"line":21,"column":20}},"10":{"start":{"line":29,"column":23},"end":{"line":49,"column":1}},"11":{"start":{"line":30,"column":16},"end":{"line":30,"column":18}},"12":{"start":{"line":31,"column":21},"end":{"line":31,"column":23}},"13":{"start":{"line":32,"column":18},"end":{"line":32,"column":27}},"14":{"start":{"line":34,"column":4},"end":{"line":46,"column":7}},"15":{"start":{"line":35,"column":27},"end":{"line":35,"column":40}},"16":{"start":{"line":36,"column":8},"end":{"line":38,"column":9}},"17":{"start":{"line":37,"column":12},"end":{"line":37,"column":19}},"18":{"start":{"line":39,"column":28},"end":{"line":39,"column":46}},"19":{"start":{"line":40,"column":8},"end":{"line":45,"column":11}},"20":{"start":{"line":41,"column":12},"end":{"line":44,"column":13}},"21":{"start":{"line":42,"column":16},"end":{"line":42,"column":38}},"22":{"start":{"line":43,"column":16},"end":{"line":43,"column":37}},"23":{"start":{"line":47,"column":4},"end":{"line":47,"column":29}},"24":{"start":{"line":48,"column":4},"end":{"line":48,"column":17}},"25":{"start":{"line":51,"column":0},"end":{"line":54,"column":2}}},"fnMap":{"0":{"name":"(anonymous_0)","decl":{"start":{"line":9,"column":17},"end":{"line":9,"column":18}},"loc":{"start":{"line":9,"column":38},"end":{"line":23,"column":1}},"line":9},"1":{"name":"(anonymous_1)","decl":{"start":{"line":12,"column":17},"end":{"line":12,"column":18}},"loc":{"start":{"line":12,"column":26},"end":{"line":14,"column":5}},"line":12},"2":{"name":"(anonymous_2)","decl":{"start":{"line":16,"column":10},"end":{"line":16,"column":11}},"loc":{"start":{"line":16,"column":23},"end":{"line":18,"column":5}},"line":16},"3":{"name":"(anonymous_3)","decl":{"start":{"line":19,"column":11},"end":{"line":19,"column":12}},"loc":{"start":{"line":19,"column":20},"end":{"line":22,"column":5}},"line":19},"4":{"name":"(anonymous_4)","decl":{"start":{"line":29,"column":23},"end":{"line":29,"column":24}},"loc":{"start":{"line":29,"column":43},"end":{"line":49,"column":1}},"line":29},"5":{"name":"(anonymous_5)","decl":{"start":{"line":34,"column":22},"end":{"line":34,"column":23}},"loc":{"start":{"line":34,"column":34},"end":{"line":46,"column":5}},"line":34},"6":{"name":"(anonymous_6)","decl":{"start":{"line":40,"column":30},"end":{"line":40,"column":31}},"loc":{"start":{"line":40,"column":38},"end":{"line":45,"column":9}},"line":40}},"branchMap":{"0":{"loc":{"start":{"line":36,"column":8},"end":{"line":38,"column":9}},"type":"if","locations":[{"start":{"line":36,"column":8},"end":{"line":38,"column":9}},{"start":{},"end":{}}],"line":36},"1":{"loc":{"start":{"line":36,"column":12},"end":{"line":36,"column":48}},"type":"binary-expr","locations":[{"start":{"line":36,"column":12},"end":{"line":36,"column":25}},{"start":{"line":36,"column":29},"end":{"line":36,"column":48}}],"line":36},"2":{"loc":{"start":{"line":41,"column":12},"end":{"line":44,"column":13}},"type":"if","locations":[{"start":{"line":41,"column":12},"end":{"line":44,"column":13}},{"start":{},"end":{}}],"line":41}},"s":{"0":2,"1":2,"2":2,"3":3,"4":3,"5":3,"6":3,"7":3,"8":0,"9":0,"10":2,"11":9,"12":9,"13":9,"14":9,"15":12,"16":12,"17":1,"18":11,"19":11,"20":93,"21":92,"22":92,"23":9,"24":9,"25":2},"f":{"0":3,"1":3,"2":3,"3":0,"4":9,"5":12,"6":93},"b":{"0":[1,11],"1":[12,12],"2":[92,1]},"_coverageSchema":"1a1c01bbd47fc00a2c39e90264f33305004495a9","hash":"75328dc1e9d829bb80a4f5adac19c3f22e95e6ed"}
,"/Users/tbader/Snapchat/Dev/Hatchways/services/sortPosts.js": {"path":"/Users/tbader/Snapchat/Dev/Hatchways/services/sortPosts.js","statementMap":{"0":{"start":{"line":1,"column":26},"end":{"line":1,"column":62}},"1":{"start":{"line":2,"column":16},"end":{"line":18,"column":1}},"2":{"start":{"line":3,"column":4},"end":{"line":5,"column":5}},"3":{"start":{"line":4,"column":8},"end":{"line":4,"column":27}},"4":{"start":{"line":7,"column":21},"end":{"line":7,"column":32}},"5":{"start":{"line":8,"column":4},"end":{"line":15,"column":7}},"6":{"start":{"line":9,"column":8},"end":{"line":14,"column":9}},"7":{"start":{"line":11,"column":16},"end":{"line":11,"column":55}},"8":{"start":{"line":13,"column":16},"end":{"line":13,"column":55}},"9":{"start":{"line":17,"column":4},"end":{"line":17,"column":31}},"10":{"start":{"line":20,"column":0},"end":{"line":22,"column":2}}},"fnMap":{"0":{"name":"(anonymous_0)","decl":{"start":{"line":2,"column":16},"end":{"line":2,"column":17}},"loc":{"start":{"line":2,"column":56},"end":{"line":18,"column":1}},"line":2},"1":{"name":"(anonymous_1)","decl":{"start":{"line":8,"column":20},"end":{"line":8,"column":21}},"loc":{"start":{"line":8,"column":33},"end":{"line":15,"column":5}},"line":8}},"branchMap":{"0":{"loc":{"start":{"line":3,"column":4},"end":{"line":5,"column":5}},"type":"if","locations":[{"start":{"line":3,"column":4},"end":{"line":5,"column":5}},{"start":{},"end":{}}],"line":3},"1":{"loc":{"start":{"line":3,"column":8},"end":{"line":3,"column":30}},"type":"binary-expr","locations":[{"start":{"line":3,"column":8},"end":{"line":3,"column":14}},{"start":{"line":3,"column":18},"end":{"line":3,"column":30}}],"line":3},"2":{"loc":{"start":{"line":9,"column":8},"end":{"line":14,"column":9}},"type":"switch","locations":[{"start":{"line":10,"column":12},"end":{"line":11,"column":55}},{"start":{"line":12,"column":12},"end":{"line":13,"column":55}}],"line":9}},"s":{"0":2,"1":2,"2":7,"3":1,"4":6,"5":6,"6":176,"7":142,"8":34,"9":6,"10":2},"f":{"0":7,"1":176},"b":{"0":[1,6],"1":[7,7],"2":[142,34]},"_coverageSchema":"1a1c01bbd47fc00a2c39e90264f33305004495a9","hash":"b10b4d60108cbc01a48aff2f8aaa9a80a57a12cb"}
}
