TN:
SF:server.js
FN:15,(anonymous_0)
FNF:1
FNH:1
FNDA:1,(anonymous_0)
DA:1,1
DA:2,1
DA:3,1
DA:6,1
DA:7,1
DA:10,1
DA:11,1
DA:12,1
DA:15,1
DA:16,1
DA:19,1
LF:11
LH:11
BRF:0
BRH:0
end_of_record
TN:
SF:middleware/validateRequest.js
FN:4,(anonymous_0)
FN:36,(anonymous_1)
FN:50,(anonymous_2)
FN:63,(anonymous_3)
FNF:4
FNH:4
FNDA:8,(anonymous_0)
FNDA:11,(anonymous_1)
FNDA:4,(anonymous_2)
FNDA:4,(anonymous_3)
DA:1,2
DA:2,2
DA:4,2
DA:5,8
DA:8,8
DA:9,8
DA:10,3
DA:16,5
DA:17,3
DA:18,2
DA:19,1
DA:25,4
DA:26,2
DA:27,2
DA:28,1
DA:33,3
DA:36,2
DA:38,11
DA:39,1
DA:43,10
DA:44,4
DA:47,6
DA:50,2
DA:52,4
DA:57,2
DA:59,2
DA:63,2
DA:65,4
DA:68,2
DA:70,2
DA:74,2
LF:31
LH:31
BRDA:9,0,0,3
BRDA:9,0,1,5
BRDA:16,1,0,3
BRDA:16,1,1,2
BRDA:18,2,0,1
BRDA:18,2,1,1
BRDA:25,3,0,2
BRDA:25,3,1,2
BRDA:27,4,0,1
BRDA:27,4,1,1
BRDA:38,5,0,1
BRDA:38,5,1,10
BRDA:43,6,0,4
BRDA:43,6,1,6
BRDA:52,7,0,0
BRDA:52,7,1,2
BRDA:52,7,2,2
BRDA:52,7,3,2
BRDA:52,7,4,2
BRDA:65,8,0,2
BRDA:65,8,1,2
BRDA:65,8,2,2
BRF:22
BRH:21
end_of_record
TN:
SF:models/directionFields.js
FNF:0
FNH:0
DA:1,3
DA:6,3
LF:2
LH:2
BRF:0
BRH:0
end_of_record
TN:
SF:models/sortByFields.js
FNF:0
FNH:0
DA:1,2
DA:8,2
LF:2
LH:2
BRF:0
BRH:0
end_of_record
TN:
SF:routes/ping.js
FN:7,(anonymous_0)
FNF:1
FNH:1
FNDA:1,(anonymous_0)
DA:1,1
DA:7,1
DA:8,1
DA:9,1
DA:16,1
LF:5
LH:5
BRF:0
BRH:0
end_of_record
TN:
SF:routes/posts.js
FN:9,(anonymous_0)
FNF:1
FNH:1
FNDA:3,(anonymous_0)
DA:1,1
DA:2,1
DA:3,1
DA:4,1
DA:9,1
DA:12,3
DA:13,3
DA:14,3
DA:17,3
DA:19,3
DA:21,3
DA:24,1
LF:12
LH:12
BRF:0
BRH:0
end_of_record
TN:
SF:services/fetchPosts.js
FN:9,(anonymous_0)
FN:12,(anonymous_1)
FN:16,(anonymous_2)
FN:19,(anonymous_3)
FN:29,(anonymous_4)
FN:34,(anonymous_5)
FN:40,(anonymous_6)
FNF:7
FNH:6
FNDA:3,(anonymous_0)
FNDA:3,(anonymous_1)
FNDA:3,(anonymous_2)
FNDA:0,(anonymous_3)
FNDA:9,(anonymous_4)
FNDA:12,(anonymous_5)
FNDA:93,(anonymous_6)
DA:1,2
DA:2,2
DA:9,2
DA:11,3
DA:12,3
DA:13,3
DA:15,3
DA:17,3
DA:20,0
DA:21,0
DA:29,2
DA:30,9
DA:31,9
DA:32,9
DA:34,9
DA:35,12
DA:36,12
DA:37,1
DA:39,11
DA:40,11
DA:41,93
DA:42,92
DA:43,92
DA:47,9
DA:48,9
DA:51,2
LF:26
LH:24
BRDA:36,0,0,1
BRDA:36,0,1,11
BRDA:36,1,0,12
BRDA:36,1,1,12
BRDA:41,2,0,92
BRDA:41,2,1,1
BRF:6
BRH:6
end_of_record
TN:
SF:services/sortPosts.js
FN:2,(anonymous_0)
FN:8,(anonymous_1)
FNF:2
FNH:2
FNDA:7,(anonymous_0)
FNDA:176,(anonymous_1)
DA:1,2
DA:2,2
DA:3,7
DA:4,1
DA:7,6
DA:8,6
DA:9,176
DA:11,142
DA:13,34
DA:17,6
DA:20,2
LF:11
LH:11
BRDA:3,0,0,1
BRDA:3,0,1,6
BRDA:3,1,0,7
BRDA:3,1,1,7
BRDA:9,2,0,142
BRDA:9,2,1,34
BRF:6
BRH:6
end_of_record
